<?xml version="1.0" encoding="UTF-8"?>
<!-- Generated by org.testng.reporters.JUnitXMLReporter -->
<testsuite ignored="0" hostname="LAPTOP-VUGTJ31C" failures="1" tests="5" name="book-flight-3" time="12.065" errors="0" timestamp="2022-10-22T08:17:14 IST">
  <testcase classname="com.newtours.tests.BookFlightTest" name="registrationPage" time="7.651"/>
  <testcase classname="com.newtours.tests.BookFlightTest" name="registrationConfirmationPage" time="0.301"/>
  <testcase classname="com.newtours.tests.BookFlightTest" name="flightDetailsPage" time="1.904"/>
  <testcase classname="com.newtours.tests.BookFlightTest" name="findFlightPage" time="0.574"/>
  <testcase classname="com.newtours.tests.BookFlightTest" name="flightConfirmationPage" time="0.459">
    <failure type="java.lang.AssertionError" message="expected [$1500 USD] but found [$1753 USD]">
      <![CDATA[java.lang.AssertionError: expected [$1500 USD] but found [$1753 USD]
at com.newtours.tests.BookFlightTest.flightConfirmationPage(BookFlightTest.java:63)
at java.base/java.util.ArrayList.forEach(ArrayList.java:1540)
... Removed 32 stack frames]]>
    </failure>
  </testcase> <!-- flightConfirmationPage -->
</testsuite> <!-- book-flight-3 -->
