<?xml version="1.0" encoding="UTF-8"?>
<!-- Generated by org.testng.reporters.JUnitXMLReporter -->
<testsuite ignored="0" hostname="LAPTOP-VUGTJ31C" failures="1" tests="10" name="book-flight-2" time="31.519" errors="0" timestamp="2022-10-22T08:21:40 IST">
  <testcase classname="com.newtours.tests.BookFlightTest" name="registrationPage" time="8.836"/>
  <testcase classname="com.newtours.tests.BookFlightTest" name="registrationConfirmationPage" time="0.326"/>
  <testcase classname="com.newtours.tests.BookFlightTest" name="flightDetailsPage" time="1.793"/>
  <testcase classname="com.newtours.tests.BookFlightTest" name="findFlightPage" time="0.628"/>
  <testcase classname="com.newtours.tests.BookFlightTest" name="flightConfirmationPage" time="0.524">
    <failure type="java.lang.AssertionError" message="expected [$1500 USD] but found [$1753 USD]">
      <![CDATA[java.lang.AssertionError: expected [$1500 USD] but found [$1753 USD]
at com.newtours.tests.BookFlightTest.flightConfirmationPage(BookFlightTest.java:63)
at java.base/java.util.ArrayList.forEach(ArrayList.java:1540)
at java.base/java.util.concurrent.FutureTask.run(FutureTask.java:264)
at java.base/java.util.concurrent.ThreadPoolExecutor.runWorker(ThreadPoolExecutor.java:1128)
at java.base/java.util.concurrent.ThreadPoolExecutor$Worker.run(ThreadPoolExecutor.java:628)
at java.base/java.lang.Thread.run(Thread.java:835)
... Removed 23 stack frames]]>
    </failure>
  </testcase> <!-- flightConfirmationPage -->
  <testcase classname="com.newtours.tests.BookFlightTest" name="registrationPage" time="8.261"/>
  <testcase classname="com.newtours.tests.BookFlightTest" name="registrationConfirmationPage" time="0.274"/>
  <testcase classname="com.newtours.tests.BookFlightTest" name="flightDetailsPage" time="1.848"/>
  <testcase classname="com.newtours.tests.BookFlightTest" name="findFlightPage" time="0.798"/>
  <testcase classname="com.newtours.tests.BookFlightTest" name="flightConfirmationPage" time="0.467"/>
</testsuite> <!-- book-flight-2 -->
